This is XeTeX, Version 3.14159265-2.6-0.99992 (TeX Live 2015) (preloaded format=xelatex 2015.8.24)  21 NOV 2017 18:45
entering extended mode
 restricted \write18 enabled.
 %&-line parsing enabled.
**CA.tex
(./CA.tex
LaTeX2e <2015/01/01>
Babel <3.9l> and hyphenation patterns for 79 languages loaded.
(/usr/local/texlive/2015/texmf-dist/tex/latex/base/article.cls
Document Class: article 2014/09/29 v1.4h Standard LaTeX document class
(/usr/local/texlive/2015/texmf-dist/tex/latex/base/size11.clo
File: size11.clo 2014/09/29 v1.4h Standard LaTeX file (size option)
)
\c@part=\count79
\c@section=\count80
\c@subsection=\count81
\c@subsubsection=\count82
\c@paragraph=\count83
\c@subparagraph=\count84
\c@figure=\count85
\c@table=\count86
\abovecaptionskip=\skip41
\belowcaptionskip=\skip42
\bibindent=\dimen102
)
(/usr/local/texlive/2015/texmf-dist/tex/latex/amsfonts/amssymb.sty
Package: amssymb 2013/01/14 v3.01 AMS font symbols

(/usr/local/texlive/2015/texmf-dist/tex/latex/amsfonts/amsfonts.sty
Package: amsfonts 2013/01/14 v3.01 Basic AMSFonts support
\@emptytoks=\toks14
\symAMSa=\mathgroup4
\symAMSb=\mathgroup5
LaTeX Font Info:    Overwriting math alphabet `\mathfrak' in version `bold'
(Font)                  U/euf/m/n --> U/euf/b/n on input line 106.
))
(/usr/local/texlive/2015/texmf-dist/tex/latex/base/latexsym.sty
Package: latexsym 1998/08/17 v2.2e Standard LaTeX package (lasy symbols)
\symlasy=\mathgroup6
LaTeX Font Info:    Overwriting symbol font `lasy' in version `bold'
(Font)                  U/lasy/m/n --> U/lasy/b/n on input line 52.
)
(/usr/local/texlive/2015/texmf-dist/tex/latex/amsmath/amsmath.sty
Package: amsmath 2013/01/14 v2.14 AMS math features
\@mathmargin=\skip43

For additional information on amsmath, use the `?' option.
(/usr/local/texlive/2015/texmf-dist/tex/latex/amsmath/amstext.sty
Package: amstext 2000/06/29 v2.01

(/usr/local/texlive/2015/texmf-dist/tex/latex/amsmath/amsgen.sty
File: amsgen.sty 1999/11/30 v2.0
\@emptytoks=\toks15
\ex@=\dimen103
))
(/usr/local/texlive/2015/texmf-dist/tex/latex/amsmath/amsbsy.sty
Package: amsbsy 1999/11/29 v1.2d
\pmbraise@=\dimen104
)
(/usr/local/texlive/2015/texmf-dist/tex/latex/amsmath/amsopn.sty
Package: amsopn 1999/12/14 v2.01 operator names
)
\inf@bad=\count87
LaTeX Info: Redefining \frac on input line 210.
\uproot@=\count88
\leftroot@=\count89
LaTeX Info: Redefining \overline on input line 306.
\classnum@=\count90
\DOTSCASE@=\count91
LaTeX Info: Redefining \ldots on input line 378.
LaTeX Info: Redefining \dots on input line 381.
LaTeX Info: Redefining \cdots on input line 466.
\Mathstrutbox@=\box26
\strutbox@=\box27
\big@size=\dimen105
LaTeX Font Info:    Redeclaring font encoding OML on input line 566.
LaTeX Font Info:    Redeclaring font encoding OMS on input line 567.
\macc@depth=\count92
\c@MaxMatrixCols=\count93
\dotsspace@=\muskip10
\c@parentequation=\count94
\dspbrk@lvl=\count95
\tag@help=\toks16
\row@=\count96
\column@=\count97
\maxfields@=\count98
\andhelp@=\toks17
\eqnshift@=\dimen106
\alignsep@=\dimen107
\tagshift@=\dimen108
\tagwidth@=\dimen109
\totwidth@=\dimen110
\lineht@=\dimen111
\@envbody=\toks18
\multlinegap=\skip44
\multlinetaggap=\skip45
\mathdisplay@stack=\toks19
LaTeX Info: Redefining \[ on input line 2665.
LaTeX Info: Redefining \] on input line 2666.
)
(/usr/local/texlive/2015/texmf-dist/tex/latex/amscls/amsthm.sty
Package: amsthm 2015/03/04 v2.20.2
\thm@style=\toks20
\thm@bodyfont=\toks21
\thm@headfont=\toks22
\thm@notefont=\toks23
\thm@headpunct=\toks24
\thm@preskip=\skip46
\thm@postskip=\skip47
\thm@headsep=\skip48
\dth@everypar=\toks25
)
(/usr/local/texlive/2015/texmf-dist/tex/latex/mathtools/mathtools.sty
Package: mathtools 2015/05/11 v1.16 mathematical typesetting tools

(/usr/local/texlive/2015/texmf-dist/tex/latex/graphics/keyval.sty
Package: keyval 2014/10/28 v1.15 key=value parser (DPC)
\KV@toks@=\toks26
)
(/usr/local/texlive/2015/texmf-dist/tex/latex/tools/calc.sty
Package: calc 2014/10/28 v4.3 Infix arithmetic (KKT,FJ)
\calc@Acount=\count99
\calc@Bcount=\count100
\calc@Adimen=\dimen112
\calc@Bdimen=\dimen113
\calc@Askip=\skip49
\calc@Bskip=\skip50
LaTeX Info: Redefining \setlength on input line 80.
LaTeX Info: Redefining \addtolength on input line 81.
\calc@Ccount=\count101
\calc@Cskip=\skip51
)
(/usr/local/texlive/2015/texmf-dist/tex/latex/mathtools/mhsetup.sty
Package: mhsetup 2010/01/21 v1.2a programming setup (MH)
)
LaTeX Info: Thecontrolsequence`\('isalreadyrobust on input line 129.
LaTeX Info: Thecontrolsequence`\)'isalreadyrobust on input line 129.
LaTeX Info: Thecontrolsequence`\['isalreadyrobust on input line 129.
LaTeX Info: Thecontrolsequence`\]'isalreadyrobust on input line 129.
\g_MT_multlinerow_int=\count102
\l_MT_multwidth_dim=\dimen114
\origjot=\skip52
\l_MT_shortvdotswithinadjustabove_dim=\dimen115
\l_MT_shortvdotswithinadjustbelow_dim=\dimen116
\l_MT_above_intertext_sep=\dimen117
\l_MT_below_intertext_sep=\dimen118
\l_MT_above_shortintertext_sep=\dimen119
\l_MT_below_shortintertext_sep=\dimen120
)
(/usr/local/texlive/2015/texmf-dist/tex/latex/natbib/natbib.sty
Package: natbib 2010/09/13 8.31b (PWD, AO)
\bibhang=\skip53
\bibsep=\skip54
LaTeX Info: Redefining \cite on input line 694.
\c@NAT@ctr=\count103
)
(/usr/local/texlive/2015/texmf-dist/tex/latex/tikz-cd/tikz-cd.sty
Package: tikz-cd 2014/10/30 v0.9e Commutative diagrams with tikz

(/usr/local/texlive/2015/texmf-dist/tex/latex/pgf/frontendlayer/tikz.sty
(/usr/local/texlive/2015/texmf-dist/tex/latex/pgf/basiclayer/pgf.sty
(/usr/local/texlive/2015/texmf-dist/tex/latex/pgf/utilities/pgfrcs.sty
(/usr/local/texlive/2015/texmf-dist/tex/generic/pgf/utilities/pgfutil-common.te
x
\pgfutil@everybye=\toks27
\pgfutil@tempdima=\dimen121
\pgfutil@tempdimb=\dimen122

(/usr/local/texlive/2015/texmf-dist/tex/generic/pgf/utilities/pgfutil-common-li
sts.tex))
(/usr/local/texlive/2015/texmf-dist/tex/generic/pgf/utilities/pgfutil-latex.def
\pgfutil@abb=\box28
(/usr/local/texlive/2015/texmf-dist/tex/latex/ms/everyshi.sty
Package: everyshi 2001/05/15 v3.00 EveryShipout Package (MS)
))
(/usr/local/texlive/2015/texmf-dist/tex/generic/pgf/utilities/pgfrcs.code.tex
Package: pgfrcs 2013/12/20 v3.0.0 (rcs-revision 1.28)
))
Package: pgf 2013/12/18 v3.0.0 (rcs-revision 1.14)
(/usr/local/texlive/2015/texmf-dist/tex/latex/pgf/basiclayer/pgfcore.sty
(/usr/local/texlive/2015/texmf-dist/tex/latex/graphics/graphicx.sty
Package: graphicx 2014/10/28 v1.0g Enhanced LaTeX Graphics (DPC,SPQR)

(/usr/local/texlive/2015/texmf-dist/tex/latex/graphics/graphics.sty
Package: graphics 2014/10/28 v1.0p Standard LaTeX Graphics (DPC,SPQR)

(/usr/local/texlive/2015/texmf-dist/tex/latex/graphics/trig.sty
Package: trig 1999/03/16 v1.09 sin cos tan (DPC)
)
(/usr/local/texlive/2015/texmf-dist/tex/latex/latexconfig/graphics.cfg
File: graphics.cfg 2010/04/23 v1.9 graphics configuration of TeX Live
)
Package graphics Info: Driver file: xetex.def on input line 94.

(/usr/local/texlive/2015/texmf-dist/tex/xelatex/xetex-def/xetex.def
File: xetex.def 2015/03/25 v4.04 LaTeX color/graphics driver for XeTeX (TeX Liv
e/RRM/JK)
))
\Gin@req@height=\dimen123
\Gin@req@width=\dimen124
)
(/usr/local/texlive/2015/texmf-dist/tex/latex/pgf/systemlayer/pgfsys.sty
(/usr/local/texlive/2015/texmf-dist/tex/generic/pgf/systemlayer/pgfsys.code.tex
Package: pgfsys 2013/11/30 v3.0.0 (rcs-revision 1.47)
(/usr/local/texlive/2015/texmf-dist/tex/generic/pgf/utilities/pgfkeys.code.tex
\pgfkeys@pathtoks=\toks28
\pgfkeys@temptoks=\toks29

(/usr/local/texlive/2015/texmf-dist/tex/generic/pgf/utilities/pgfkeysfiltered.c
ode.tex
\pgfkeys@tmptoks=\toks30
))
\pgf@x=\dimen125
\pgf@y=\dimen126
\pgf@xa=\dimen127
\pgf@ya=\dimen128
\pgf@xb=\dimen129
\pgf@yb=\dimen130
\pgf@xc=\dimen131
\pgf@yc=\dimen132
\w@pgf@writea=\write3
\r@pgf@reada=\read1
\c@pgf@counta=\count104
\c@pgf@countb=\count105
\c@pgf@countc=\count106
\c@pgf@countd=\count107
\t@pgf@toka=\toks31
\t@pgf@tokb=\toks32
\t@pgf@tokc=\toks33

(/usr/local/texlive/2015/texmf-dist/tex/generic/pgf/systemlayer/pgf.cfg
File: pgf.cfg 2008/05/14  (rcs-revision 1.7)
)
Driver file for pgf: pgfsys-xetex.def

(/usr/local/texlive/2015/texmf-dist/tex/generic/pgf/systemlayer/pgfsys-xetex.de
f
File: pgfsys-xetex.def 2013/07/16  (rcs-revision 1.9)

(/usr/local/texlive/2015/texmf-dist/tex/generic/pgf/systemlayer/pgfsys-dvipdfmx
.def
File: pgfsys-dvipdfmx.def 2013/08/28  (rcs-revision 1.12)

(/usr/local/texlive/2015/texmf-dist/tex/generic/pgf/systemlayer/pgfsys-common-p
df.def
File: pgfsys-common-pdf.def 2013/10/10  (rcs-revision 1.13)
)
\pgfsys@objnum=\count108
)))
(/usr/local/texlive/2015/texmf-dist/tex/generic/pgf/systemlayer/pgfsyssoftpath.
code.tex
File: pgfsyssoftpath.code.tex 2013/09/09  (rcs-revision 1.9)
\pgfsyssoftpath@smallbuffer@items=\count109
\pgfsyssoftpath@bigbuffer@items=\count110
)
(/usr/local/texlive/2015/texmf-dist/tex/generic/pgf/systemlayer/pgfsysprotocol.
code.tex
File: pgfsysprotocol.code.tex 2006/10/16  (rcs-revision 1.4)
)) (/usr/local/texlive/2015/texmf-dist/tex/latex/xcolor/xcolor.sty
Package: xcolor 2007/01/21 v2.11 LaTeX color extensions (UK)

(/usr/local/texlive/2015/texmf-dist/tex/latex/latexconfig/color.cfg
File: color.cfg 2007/01/18 v1.5 color configuration of teTeX/TeXLive
)
Package xcolor Info: Driver file: xetex.def on input line 225.
Package xcolor Info: Model `cmy' substituted by `cmy0' on input line 1337.
Package xcolor Info: Model `RGB' extended on input line 1353.
Package xcolor Info: Model `HTML' substituted by `rgb' on input line 1355.
Package xcolor Info: Model `Hsb' substituted by `hsb' on input line 1356.
Package xcolor Info: Model `tHsb' substituted by `hsb' on input line 1357.
Package xcolor Info: Model `HSB' substituted by `hsb' on input line 1358.
Package xcolor Info: Model `Gray' substituted by `gray' on input line 1359.
Package xcolor Info: Model `wave' substituted by `hsb' on input line 1360.
)
(/usr/local/texlive/2015/texmf-dist/tex/generic/pgf/basiclayer/pgfcore.code.tex
Package: pgfcore 2010/04/11 v3.0.0 (rcs-revision 1.7)
(/usr/local/texlive/2015/texmf-dist/tex/generic/pgf/math/pgfmath.code.tex
(/usr/local/texlive/2015/texmf-dist/tex/generic/pgf/math/pgfmathcalc.code.tex
(/usr/local/texlive/2015/texmf-dist/tex/generic/pgf/math/pgfmathutil.code.tex)
(/usr/local/texlive/2015/texmf-dist/tex/generic/pgf/math/pgfmathparser.code.tex
\pgfmath@dimen=\dimen133
\pgfmath@count=\count111
\pgfmath@box=\box29
\pgfmath@toks=\toks34
\pgfmath@stack@operand=\toks35
\pgfmath@stack@operation=\toks36
)
(/usr/local/texlive/2015/texmf-dist/tex/generic/pgf/math/pgfmathfunctions.code.
tex
(/usr/local/texlive/2015/texmf-dist/tex/generic/pgf/math/pgfmathfunctions.basic
.code.tex)
(/usr/local/texlive/2015/texmf-dist/tex/generic/pgf/math/pgfmathfunctions.trigo
nometric.code.tex)
(/usr/local/texlive/2015/texmf-dist/tex/generic/pgf/math/pgfmathfunctions.rando
m.code.tex)
(/usr/local/texlive/2015/texmf-dist/tex/generic/pgf/math/pgfmathfunctions.compa
rison.code.tex)
(/usr/local/texlive/2015/texmf-dist/tex/generic/pgf/math/pgfmathfunctions.base.
code.tex)
(/usr/local/texlive/2015/texmf-dist/tex/generic/pgf/math/pgfmathfunctions.round
.code.tex)
(/usr/local/texlive/2015/texmf-dist/tex/generic/pgf/math/pgfmathfunctions.misc.
code.tex)
(/usr/local/texlive/2015/texmf-dist/tex/generic/pgf/math/pgfmathfunctions.integ
erarithmetics.code.tex)))
(/usr/local/texlive/2015/texmf-dist/tex/generic/pgf/math/pgfmathfloat.code.tex
\c@pgfmathroundto@lastzeros=\count112
))
(/usr/local/texlive/2015/texmf-dist/tex/generic/pgf/basiclayer/pgfcorepoints.co
de.tex
File: pgfcorepoints.code.tex 2013/10/07  (rcs-revision 1.27)
\pgf@picminx=\dimen134
\pgf@picmaxx=\dimen135
\pgf@picminy=\dimen136
\pgf@picmaxy=\dimen137
\pgf@pathminx=\dimen138
\pgf@pathmaxx=\dimen139
\pgf@pathminy=\dimen140
\pgf@pathmaxy=\dimen141
\pgf@xx=\dimen142
\pgf@xy=\dimen143
\pgf@yx=\dimen144
\pgf@yy=\dimen145
\pgf@zx=\dimen146
\pgf@zy=\dimen147
)
(/usr/local/texlive/2015/texmf-dist/tex/generic/pgf/basiclayer/pgfcorepathconst
ruct.code.tex
File: pgfcorepathconstruct.code.tex 2013/10/07  (rcs-revision 1.29)
\pgf@path@lastx=\dimen148
\pgf@path@lasty=\dimen149
)
(/usr/local/texlive/2015/texmf-dist/tex/generic/pgf/basiclayer/pgfcorepathusage
.code.tex
File: pgfcorepathusage.code.tex 2013/12/13  (rcs-revision 1.23)
\pgf@shorten@end@additional=\dimen150
\pgf@shorten@start@additional=\dimen151
)
(/usr/local/texlive/2015/texmf-dist/tex/generic/pgf/basiclayer/pgfcorescopes.co
de.tex
File: pgfcorescopes.code.tex 2013/10/09  (rcs-revision 1.44)
\pgfpic=\box30
\pgf@hbox=\box31
\pgf@layerbox@main=\box32
\pgf@picture@serial@count=\count113
)
(/usr/local/texlive/2015/texmf-dist/tex/generic/pgf/basiclayer/pgfcoregraphicst
ate.code.tex
File: pgfcoregraphicstate.code.tex 2013/09/19  (rcs-revision 1.11)
\pgflinewidth=\dimen152
)
(/usr/local/texlive/2015/texmf-dist/tex/generic/pgf/basiclayer/pgfcoretransform
ations.code.tex
File: pgfcoretransformations.code.tex 2013/10/10  (rcs-revision 1.17)
\pgf@pt@x=\dimen153
\pgf@pt@y=\dimen154
\pgf@pt@temp=\dimen155
)
(/usr/local/texlive/2015/texmf-dist/tex/generic/pgf/basiclayer/pgfcorequick.cod
e.tex
File: pgfcorequick.code.tex 2008/10/09  (rcs-revision 1.3)
)
(/usr/local/texlive/2015/texmf-dist/tex/generic/pgf/basiclayer/pgfcoreobjects.c
ode.tex
File: pgfcoreobjects.code.tex 2006/10/11  (rcs-revision 1.2)
)
(/usr/local/texlive/2015/texmf-dist/tex/generic/pgf/basiclayer/pgfcorepathproce
ssing.code.tex
File: pgfcorepathprocessing.code.tex 2013/09/09  (rcs-revision 1.9)
)
(/usr/local/texlive/2015/texmf-dist/tex/generic/pgf/basiclayer/pgfcorearrows.co
de.tex
File: pgfcorearrows.code.tex 2013/11/07  (rcs-revision 1.40)
\pgfarrowsep=\dimen156
)
(/usr/local/texlive/2015/texmf-dist/tex/generic/pgf/basiclayer/pgfcoreshade.cod
e.tex
File: pgfcoreshade.code.tex 2013/07/15  (rcs-revision 1.15)
\pgf@max=\dimen157
\pgf@sys@shading@range@num=\count114
)
(/usr/local/texlive/2015/texmf-dist/tex/generic/pgf/basiclayer/pgfcoreimage.cod
e.tex
File: pgfcoreimage.code.tex 2013/07/15  (rcs-revision 1.18)

(/usr/local/texlive/2015/texmf-dist/tex/generic/pgf/basiclayer/pgfcoreexternal.
code.tex
File: pgfcoreexternal.code.tex 2013/07/15  (rcs-revision 1.20)
\pgfexternal@startupbox=\box33
))
(/usr/local/texlive/2015/texmf-dist/tex/generic/pgf/basiclayer/pgfcorelayers.co
de.tex
File: pgfcorelayers.code.tex 2013/07/18  (rcs-revision 1.7)
)
(/usr/local/texlive/2015/texmf-dist/tex/generic/pgf/basiclayer/pgfcoretranspare
ncy.code.tex
File: pgfcoretransparency.code.tex 2013/09/30  (rcs-revision 1.5)
)
(/usr/local/texlive/2015/texmf-dist/tex/generic/pgf/basiclayer/pgfcorepatterns.
code.tex
File: pgfcorepatterns.code.tex 2013/11/07  (rcs-revision 1.5)
)))
(/usr/local/texlive/2015/texmf-dist/tex/generic/pgf/modules/pgfmoduleshapes.cod
e.tex
File: pgfmoduleshapes.code.tex 2013/10/31  (rcs-revision 1.34)
\pgfnodeparttextbox=\box34
)
(/usr/local/texlive/2015/texmf-dist/tex/generic/pgf/modules/pgfmoduleplot.code.
tex
File: pgfmoduleplot.code.tex 2013/07/31  (rcs-revision 1.12)
)
(/usr/local/texlive/2015/texmf-dist/tex/latex/pgf/compatibility/pgfcomp-version
-0-65.sty
Package: pgfcomp-version-0-65 2007/07/03 v3.0.0 (rcs-revision 1.7)
\pgf@nodesepstart=\dimen158
\pgf@nodesepend=\dimen159
)
(/usr/local/texlive/2015/texmf-dist/tex/latex/pgf/compatibility/pgfcomp-version
-1-18.sty
Package: pgfcomp-version-1-18 2007/07/23 v3.0.0 (rcs-revision 1.1)
))
(/usr/local/texlive/2015/texmf-dist/tex/latex/pgf/utilities/pgffor.sty
(/usr/local/texlive/2015/texmf-dist/tex/latex/pgf/utilities/pgfkeys.sty
(/usr/local/texlive/2015/texmf-dist/tex/generic/pgf/utilities/pgfkeys.code.tex)
) (/usr/local/texlive/2015/texmf-dist/tex/latex/pgf/math/pgfmath.sty
(/usr/local/texlive/2015/texmf-dist/tex/generic/pgf/math/pgfmath.code.tex))
(/usr/local/texlive/2015/texmf-dist/tex/generic/pgf/utilities/pgffor.code.tex
Package: pgffor 2013/12/13 v3.0.0 (rcs-revision 1.25)

(/usr/local/texlive/2015/texmf-dist/tex/generic/pgf/math/pgfmath.code.tex)
\pgffor@iter=\dimen160
\pgffor@skip=\dimen161
\pgffor@stack=\toks37
\pgffor@toks=\toks38
))
(/usr/local/texlive/2015/texmf-dist/tex/generic/pgf/frontendlayer/tikz/tikz.cod
e.tex
Package: tikz 2013/12/13 v3.0.0 (rcs-revision 1.142)

(/usr/local/texlive/2015/texmf-dist/tex/generic/pgf/libraries/pgflibraryplothan
dlers.code.tex
File: pgflibraryplothandlers.code.tex 2013/08/31 v3.0.0 (rcs-revision 1.20)
\pgf@plot@mark@count=\count115
\pgfplotmarksize=\dimen162
)
\tikz@lastx=\dimen163
\tikz@lasty=\dimen164
\tikz@lastxsaved=\dimen165
\tikz@lastysaved=\dimen166
\tikzleveldistance=\dimen167
\tikzsiblingdistance=\dimen168
\tikz@figbox=\box35
\tikz@figbox@bg=\box36
\tikz@tempbox=\box37
\tikz@tempbox@bg=\box38
\tikztreelevel=\count116
\tikznumberofchildren=\count117
\tikznumberofcurrentchild=\count118
\tikz@fig@count=\count119

(/usr/local/texlive/2015/texmf-dist/tex/generic/pgf/modules/pgfmodulematrix.cod
e.tex
File: pgfmodulematrix.code.tex 2013/09/17  (rcs-revision 1.8)
\pgfmatrixcurrentrow=\count120
\pgfmatrixcurrentcolumn=\count121
\pgf@matrix@numberofcolumns=\count122
)
\tikz@expandcount=\count123

(/usr/local/texlive/2015/texmf-dist/tex/generic/pgf/frontendlayer/tikz/librarie
s/tikzlibrarytopaths.code.tex
File: tikzlibrarytopaths.code.tex 2008/06/17 v3.0.0 (rcs-revision 1.2)
)))
(/usr/local/texlive/2015/texmf-dist/tex/generic/tikz-cd/tikzlibrarycd.code.tex
(/usr/local/texlive/2015/texmf-dist/tex/generic/pgf/frontendlayer/tikz/librarie
s/tikzlibrarymatrix.code.tex
File: tikzlibrarymatrix.code.tex 2013/07/12 v3.0.0 (rcs-revision 1.4)
)
(/usr/local/texlive/2015/texmf-dist/tex/generic/pgf/frontendlayer/tikz/librarie
s/tikzlibraryquotes.code.tex
File: tikzlibraryquotes.code.tex 2013/08/28 v3.0.0 (rcs-revision 1.3)
)
(/usr/local/texlive/2015/texmf-dist/tex/generic/pgf/libraries/pgflibraryarrows.
meta.code.tex
File: pgflibraryarrows.meta.code.tex 2013/12/13 v3.0.0 (rcs-revision 1.12)
\pgfarrowinset=\dimen169
\pgfarrowlength=\dimen170
\pgfarrowwidth=\dimen171
\pgfarrowlinewidth=\dimen172
)))
(/usr/local/texlive/2015/texmf-dist/tex/latex/enumitem/enumitem.sty
Package: enumitem 2011/09/28 v3.5.2 Customized lists
\labelindent=\skip55
\enit@outerparindent=\dimen173
\enit@toks=\toks39
\enit@inbox=\box39
\enitdp@description=\count124
)
(/usr/local/texlive/2015/texmf-dist/tex/latex/hyperref/hyperref.sty
Package: hyperref 2012/11/06 v6.83m Hypertext links for LaTeX

(/usr/local/texlive/2015/texmf-dist/tex/generic/oberdiek/hobsub-hyperref.sty
Package: hobsub-hyperref 2012/05/28 v1.13 Bundle oberdiek, subset hyperref (HO)


(/usr/local/texlive/2015/texmf-dist/tex/generic/oberdiek/hobsub-generic.sty
Package: hobsub-generic 2012/05/28 v1.13 Bundle oberdiek, subset generic (HO)
Package: hobsub 2012/05/28 v1.13 Construct package bundles (HO)
Package: infwarerr 2010/04/08 v1.3 Providing info/warning/error messages (HO)
Package: ltxcmds 2011/11/09 v1.22 LaTeX kernel commands for general use (HO)
Package: ifluatex 2010/03/01 v1.3 Provides the ifluatex switch (HO)
Package ifluatex Info: LuaTeX not detected.
Package: ifvtex 2010/03/01 v1.5 Detect VTeX and its facilities (HO)
Package ifvtex Info: VTeX not detected.
Package: intcalc 2007/09/27 v1.1 Expandable calculations with integers (HO)
Package: ifpdf 2011/01/30 v2.3 Provides the ifpdf switch (HO)
Package ifpdf Info: pdfTeX in PDF mode is not detected.
Package: etexcmds 2011/02/16 v1.5 Avoid name clashes with e-TeX commands (HO)
Package etexcmds Info: Could not find \expanded.
(etexcmds)             That can mean that you are not using pdfTeX 1.50 or
(etexcmds)             that some package has redefined \expanded.
(etexcmds)             In the latter case, load this package earlier.
Package: kvsetkeys 2012/04/25 v1.16 Key value parser (HO)
Package: kvdefinekeys 2011/04/07 v1.3 Define keys (HO)
Package: pdftexcmds 2011/11/29 v0.20 Utility functions of pdfTeX for LuaTeX (HO
)
Package pdftexcmds Info: LuaTeX not detected.
Package pdftexcmds Info: pdfTeX >= 1.30 not detected.
Package pdftexcmds Info: \pdf@primitive is available.
Package pdftexcmds Info: \pdf@ifprimitive is available.
Package pdftexcmds Info: \pdfdraftmode not found.
Package: pdfescape 2011/11/25 v1.13 Implements pdfTeX's escape features (HO)
Package: bigintcalc 2012/04/08 v1.3 Expandable calculations on big integers (HO
)
Package: bitset 2011/01/30 v1.1 Handle bit-vector datatype (HO)
Package: uniquecounter 2011/01/30 v1.2 Provide unlimited unique counter (HO)
)
Package hobsub Info: Skipping package `hobsub' (already loaded).
Package: letltxmacro 2010/09/02 v1.4 Let assignment for LaTeX macros (HO)
Package: hopatch 2012/05/28 v1.2 Wrapper for package hooks (HO)
Package: xcolor-patch 2011/01/30 xcolor patch
Package: atveryend 2011/06/30 v1.8 Hooks at the very end of document (HO)
Package atveryend Info: \enddocument detected (standard20110627).
Package: atbegshi 2011/10/05 v1.16 At begin shipout hook (HO)
Package: refcount 2011/10/16 v3.4 Data extraction from label references (HO)
Package: hycolor 2011/01/30 v1.7 Color options for hyperref/bookmark (HO)
)
(/usr/local/texlive/2015/texmf-dist/tex/generic/ifxetex/ifxetex.sty
Package: ifxetex 2010/09/12 v0.6 Provides ifxetex conditional
)
(/usr/local/texlive/2015/texmf-dist/tex/latex/oberdiek/auxhook.sty
Package: auxhook 2011/03/04 v1.3 Hooks for auxiliary files (HO)
)
(/usr/local/texlive/2015/texmf-dist/tex/latex/oberdiek/kvoptions.sty
Package: kvoptions 2011/06/30 v3.11 Key value format for package options (HO)
)
\@linkdim=\dimen174
\Hy@linkcounter=\count125
\Hy@pagecounter=\count126

(/usr/local/texlive/2015/texmf-dist/tex/latex/hyperref/pd1enc.def
File: pd1enc.def 2012/11/06 v6.83m Hyperref: PDFDocEncoding definition (HO)
)
\Hy@SavedSpaceFactor=\count127

(/usr/local/texlive/2015/texmf-dist/tex/latex/latexconfig/hyperref.cfg
File: hyperref.cfg 2002/06/06 v1.2 hyperref configuration of TeXLive
)
Package hyperref Info: Hyper figures OFF on input line 4443.
Package hyperref Info: Link nesting OFF on input line 4448.
Package hyperref Info: Hyper index ON on input line 4451.
Package hyperref Info: Plain pages OFF on input line 4458.
Package hyperref Info: Backreferencing OFF on input line 4463.
Package hyperref Info: Implicit mode ON; LaTeX internals redefined.
Package hyperref Info: Bookmarks ON on input line 4688.
\c@Hy@tempcnt=\count128

(/usr/local/texlive/2015/texmf-dist/tex/latex/url/url.sty
\Urlmuskip=\muskip11
Package: url 2013/09/16  ver 3.4  Verb mode for urls, etc.
)
LaTeX Info: Redefining \url on input line 5041.
\XeTeXLinkMargin=\dimen175
\Fld@menulength=\count129
\Field@Width=\dimen176
\Fld@charsize=\dimen177
Package hyperref Info: Hyper figures OFF on input line 6295.
Package hyperref Info: Link nesting OFF on input line 6300.
Package hyperref Info: Hyper index ON on input line 6303.
Package hyperref Info: backreferencing OFF on input line 6310.
Package hyperref Info: Link coloring OFF on input line 6315.
Package hyperref Info: Link coloring with OCG OFF on input line 6320.
Package hyperref Info: PDF/A mode OFF on input line 6325.
LaTeX Info: Redefining \ref on input line 6365.
LaTeX Info: Redefining \pageref on input line 6369.
\Hy@abspage=\count130
\c@Item=\count131
\c@Hfootnote=\count132
)

Package hyperref Message: Driver (autodetected): hxetex.

(/usr/local/texlive/2015/texmf-dist/tex/latex/hyperref/hxetex.def
File: hxetex.def 2012/11/06 v6.83m Hyperref driver for XeTeX

(/usr/local/texlive/2015/texmf-dist/tex/latex/hyperref/puenc.def
File: puenc.def 2012/11/06 v6.83m Hyperref: PDF Unicode definition (HO)
)
(/usr/local/texlive/2015/texmf-dist/tex/generic/oberdiek/stringenc.sty
Package: stringenc 2011/12/02 v1.10 Convert strings between diff. encodings (HO
)
)
\pdfm@box=\box40
\c@Hy@AnnotLevel=\count133
\HyField@AnnotCount=\count134
\Fld@listcount=\count135
\c@bookmark@seq@number=\count136

(/usr/local/texlive/2015/texmf-dist/tex/latex/oberdiek/rerunfilecheck.sty
Package: rerunfilecheck 2011/04/15 v1.7 Rerun checks for auxiliary files (HO)
Package rerunfilecheck Info: Feature \pdfmdfivesum is not available
(rerunfilecheck)             (e.g. pdfTeX or LuaTeX with package `pdftexcmds').

(rerunfilecheck)             Therefore file contents cannot be checked efficien
tly
(rerunfilecheck)             and the loading of the package is aborted.
)
\Hy@SectionHShift=\skip56
)
Package hyperref Info: Option `colorlinks' set `true' on input line 17.
\c@thm=\count137

(./CA.aux)
\openout1 = `CA.aux'.

LaTeX Font Info:    Checking defaults for OML/cmm/m/it on input line 80.
LaTeX Font Info:    ... okay on input line 80.
LaTeX Font Info:    Checking defaults for T1/cmr/m/n on input line 80.
LaTeX Font Info:    ... okay on input line 80.
LaTeX Font Info:    Checking defaults for OT1/cmr/m/n on input line 80.
LaTeX Font Info:    ... okay on input line 80.
LaTeX Font Info:    Checking defaults for OMS/cmsy/m/n on input line 80.
LaTeX Font Info:    ... okay on input line 80.
LaTeX Font Info:    Checking defaults for OMX/cmex/m/n on input line 80.
LaTeX Font Info:    ... okay on input line 80.
LaTeX Font Info:    Checking defaults for U/cmr/m/n on input line 80.
LaTeX Font Info:    ... okay on input line 80.
LaTeX Font Info:    Checking defaults for PD1/pdf/m/n on input line 80.
LaTeX Font Info:    ... okay on input line 80.
LaTeX Font Info:    Checking defaults for PU/pdf/m/n on input line 80.
LaTeX Font Info:    ... okay on input line 80.
 ABD: EveryShipout initializing macros
\AtBeginShipoutBox=\box41
Package hyperref Info: Link coloring ON on input line 80.

(/usr/local/texlive/2015/texmf-dist/tex/latex/hyperref/nameref.sty
Package: nameref 2012/10/27 v2.43 Cross-referencing by name of section

(/usr/local/texlive/2015/texmf-dist/tex/generic/oberdiek/gettitlestring.sty
Package: gettitlestring 2010/12/03 v1.4 Cleanup title references (HO)
)
\c@section@level=\count138
)
LaTeX Info: Redefining \ref on input line 80.
LaTeX Info: Redefining \pageref on input line 80.
LaTeX Info: Redefining \nameref on input line 80.

(./CA.out) (./CA.out)
\@outlinefile=\write4
\openout4 = `CA.out'.

LaTeX Font Info:    Try loading font information for U+msa on input line 82.

(/usr/local/texlive/2015/texmf-dist/tex/latex/amsfonts/umsa.fd
File: umsa.fd 2013/01/14 v3.01 AMS symbols A
)
LaTeX Font Info:    Try loading font information for U+msb on input line 82.

(/usr/local/texlive/2015/texmf-dist/tex/latex/amsfonts/umsb.fd
File: umsb.fd 2013/01/14 v3.01 AMS symbols B
)
LaTeX Font Info:    Try loading font information for U+lasy on input line 82.

(/usr/local/texlive/2015/texmf-dist/tex/latex/base/ulasy.fd
File: ulasy.fd 1998/08/17 v2.2e LaTeX symbol font definitions
) (./CA.toc
Overfull \hbox (2.00954pt too wide) in paragraph at lines 6--6
 [][] [][][]\OT1/cmr/m/n/10.95 Lecture 4. Snake Lemma, Ten-sor Prod-uct by Pro-
fes-sor Kowal- 
 []

(/usr/local/texlive/2015/texmf-dist/tex/generic/oberdiek/se-ascii-print.def
File: se-ascii-print.def 2011/12/02 v1.10 stringenc: Printable ASCII characters

)
[1

])
\tf@toc=\write5
\openout5 = `CA.toc'.

 [2]
LaTeX Font Info:    Try loading font information for OMS+cmr on input line 90.
 (/usr/local/texlive/2015/texmf-dist/tex/latex/base/omscmr.fd
File: omscmr.fd 2014/09/29 v2.5h Standard LaTeX font definitions
)
LaTeX Font Info:    Font shape `OMS/cmr/m/n' in size <10.95> not available
(Font)              Font shape `OMS/cmsy/m/n' tried instead on input line 90.

Overfull \hbox (10.50296pt too wide) in paragraph at lines 107--108
[]\OT1/cmr/m/n/10.95 Rings, ho-mo-mor-phism, ide-als, quo-tient rings, zero di-
vi-sors, prime/maximal
 []

Missing character: There is no   in font cmr10!
Missing character: There is no   in font cmr10!
Missing character: There is no   in font cmr10!
LaTeX Font Info:    Font shape `OMS/cmr/m/it' in size <10.95> not available
(Font)              Font shape `OMS/cmsy/m/n' tried instead on input line 135.
[3]
Missing character: There is no   in font cmr10!
Missing character: There is no   in font cmti10!
Missing character: There is no   in font cmti10!
Missing character: There is no   in font cmti10!
Missing character: There is no   in font cmti10!
Missing character: There is no   in font cmti10!
Missing character: There is no   in font cmti10!
Missing character: There is no   in font cmti10!
Missing character: There is no   in font cmti10!
Missing character: There is no   in font cmti10!
Missing character: There is no   in font cmti10!
Missing character: There is no   in font cmti10!
Missing character: There is no   in font cmti10!
Missing character: There is no   in font cmti10!
Missing character: There is no   in font cmti10!
Missing character: There is no   in font cmti10!
Missing character: There is no   in font cmti10!
LaTeX Font Info:    Try loading font information for U+euf on input line 179.
 (/usr/local/texlive/2015/texmf-dist/tex/latex/amsfonts/ueuf.fd
File: ueuf.fd 2013/01/14 v3.01 Euler Fraktur
)
Missing character: There is no   in font cmti10!
Missing character: There is no   in font cmti10!
Missing character: There is no   in font cmti10!
Missing character: There is no   in font cmti10!
Missing character: There is no   in font cmr10!
Missing character: There is no   in font cmr10!
Missing character: There is no   in font cmr10!
Missing character: There is no   in font cmr10!
Missing character: There is no   in font cmr10!
Missing character: There is no   in font cmr10!
Missing character: There is no   in font cmr10!
Missing character: There is no   in font cmr10!
Missing character: There is no   in font cmr10!
Missing character: There is no   in font cmr10!
Missing character: There is no   in font cmr10!
Missing character: There is no   in font cmr10!
Missing character: There is no   in font cmr10!
Missing character: There is no   in font cmr10!
Missing character: There is no   in font cmr10!
Missing character: There is no   in font cmr10!
Missing character: There is no   in font cmr10!
Missing character: There is no   in font cmr10!
 [4]
Missing character: There is no   in font cmti10!
Missing character: There is no   in font cmti10!
Missing character: There is no   in font cmr10!
Missing character: There is no   in font cmr10!

[5]
Missing character: There is no   in font cmr10!
Missing character: There is no   in font cmr10!
Missing character: There is no   in font cmr10!
Missing character: There is no   in font cmr10!
 [6]
Missing character: There is no   in font cmr10!
Missing character: There is no   in font cmr10!
Missing character: There is no   in font cmti10!
Missing character: There is no   in font cmr10!
Missing character: There is no   in font cmti10!
Missing character: There is no   in font cmti10!
Missing character: There is no   in font cmti10!
 [7]
Missing character: There is no   in font cmr10!
Missing character: There is no   in font cmr10!
Missing character: There is no   in font cmr10!
 [8]
Missing character: There is no   in font cmr10!
Missing character: There is no   in font cmr10!
Missing character: There is no   in font cmr10!
Missing character: There is no   in font cmr10!
Missing character: There is no   in font cmr10!
Missing character: There is no   in font cmr10!
Missing character: There is no   in font cmti10!
Missing character: There is no   in font cmti10!
Missing character: There is no   in font cmr10!
 [9]
Missing character: There is no   in font cmr10!
Missing character: There is no   in font cmr10!

Underfull \hbox (badness 10000) in paragraph at lines 498--505

 []

Missing character: There is no   in font cmr10!
[10]
Missing character: There is no   in font cmti10!
Missing character: There is no   in font cmti10!
Missing character: There is no   in font cmr10!

Overfull \hbox (4.77924pt too wide) in paragraph at lines 535--535
[]\OT1/cmr/bx/n/12 Lecture 3. Mod-ules, Ex-act se-quences by Pro-fes-sor Kowal-

 []

[11] [12]
Underfull \hbox (badness 10000) in paragraph at lines 616--618

 []

[13] [14]
Overfull \hbox (15.26897pt too wide) in paragraph at lines 737--741
\OML/cmm/m/it/10.95 M$ \OT1/cmr/m/it/10.95 finitely gen-er-ated $\OMS/cmsy/m/n/
10.95 A$\OT1/cmr/m/it/10.95 -module, $\OML/cmm/m/it/10.95 I \OMS/cmsy/m/n/10.95
 ^^Z [] \[]
 []

[15] [16]
Overfull \hbox (68.69867pt too wide) detected at line 828
\OT1/cmr/m/n/10.95 0 [][]\OMS/cmsy/m/n/10.95 ! \OML/cmm/m/it/10.95 Ker\OT1/cmr/
m/n/10.95 (\OML/cmm/m/it/10.95 f[]\OT1/cmr/m/n/10.95 ) [][]\OMS/cmsy/m/n/10.95 
! \OML/cmm/m/it/10.95 Ker\OT1/cmr/m/n/10.95 (\OML/cmm/m/it/10.95 f\OT1/cmr/m/n/
10.95 ) \OMS/cmsy/m/n/10.95 ! \OML/cmm/m/it/10.95 Ker\OT1/cmr/m/n/10.95 (\OML/c
mm/m/it/10.95 f[]\OT1/cmr/m/n/10.95 ) [] \OML/cmm/m/it/10.95 Coker\OT1/cmr/m/n/
10.95 (\OML/cmm/m/it/10.95 f[]\OT1/cmr/m/n/10.95 ) [][]\OMS/cmsy/m/n/10.95 ! \O
ML/cmm/m/it/10.95 Coker\OT1/cmr/m/n/10.95 (\OML/cmm/m/it/10.95 f\OT1/cmr/m/n/10
.95 ) [][]\OMS/cmsy/m/n/10.95 ! \OML/cmm/m/it/10.95 Coker\OT1/cmr/m/n/10.95 (\O
ML/cmm/m/it/10.95 f[]\OT1/cmr/m/n/10.95 ) [][]\OMS/cmsy/m/n/10.95 ! \OT1/cmr/m/
n/10.95 0
 []

[17] [18]
Underfull \hbox (badness 10000) in paragraph at lines 856--857

 []

[19]
Overfull \hbox (20.70464pt too wide) detected at line 932
\OT1/cmr/m/n/10.95 0 [][]\OMS/cmsy/m/n/10.95 ! \OML/cmm/m/it/10.95 Ker\OT1/cmr/
m/n/10.95 (\OML/cmm/m/it/10.95 f[]\OT1/cmr/m/n/10.95 ) [][]\OMS/cmsy/m/n/10.95 
! f\OT1/cmr/m/n/10.95 0\OMS/cmsy/m/n/10.95 g ! \OML/cmm/m/it/10.95 Ker\OT1/cmr/
m/n/10.95 (\OML/cmm/m/it/10.95 f[]\OT1/cmr/m/n/10.95 ) [] \OML/cmm/m/it/10.95 C
oker\OT1/cmr/m/n/10.95 (\OML/cmm/m/it/10.95 f[]\OT1/cmr/m/n/10.95 ) [][]\OMS/cm
sy/m/n/10.95 ! f\OT1/cmr/m/n/10.95 0\OMS/cmsy/m/n/10.95 g [][]! \OML/cmm/m/it/1
0.95 Coker\OT1/cmr/m/n/10.95 (\OML/cmm/m/it/10.95 f[]\OT1/cmr/m/n/10.95 ) [][]\
OMS/cmsy/m/n/10.95 ! \OT1/cmr/m/n/10.95 0
 []

[20]
Underfull \hbox (badness 10000) in paragraph at lines 953--957

 []


Underfull \hbox (badness 10000) in paragraph at lines 959--962

 []

[21] [22]
Overfull \hbox (17.73167pt too wide) in paragraph at lines 1047--1048
\OT1/cmr/m/it/10.95 module $\OML/cmm/m/it/10.95 M \OMS/cmsy/m/n/10.95 
[] \OML/cmm/m/it/10.95 N$ \OT1/cmr/m/it/10.95 such that $\OML/cmm/m/it/10.95 Bi
l[]\OT1/cmr/m/n/10.95 (\OML/cmm/m/it/10.95 M; N\OT1/cmr/m/n/10.95 ; \OML/cmm/m/
it/10.95 P\OT1/cmr/m/n/10.95 ) = \OML/cmm/m/it/10.95 Hom[]\OT1/cmr/m/n/10.95 (\
OML/cmm/m/it/10.95 M \OMS/cmsy/m/n/10.95 
[] \OML/cmm/m/it/10.95 N; P\OT1/cmr/m/n/10.95 )$\OT1/cmr/m/it/10.95 . $\OML/cmm
/m/it/10.95 Bil[]\OT1/cmr/m/n/10.95 (\OML/cmm/m/it/10.95 M; N\OT1/cmr/m/n/10.95
 ; \OML/cmm/m/it/10.95 P\OT1/cmr/m/n/10.95 )$
 []

[23] [24] [25] [26] [27]
Overfull \hbox (28.84476pt too wide) detected at line 1243
[] \OMS/cmsy/m/n/10.95 $ []
 []

[28] [29] [30] [31] [32] [33]
Overfull \hbox (8.57843pt too wide) in paragraph at lines 1527--1529
\OT1/cmr/bx/n/10.95 Motivation \OT1/cmr/m/n/10.95 For $\OMS/cmsy/m/n/10.95 A$ \
OT1/cmr/m/n/10.95 an in-te-gral do-main, we de-fined the quo-tients field $\OML
/cmm/m/it/10.95 Frac\OT1/cmr/m/n/10.95 (\OMS/cmsy/m/n/10.95 A\OT1/cmr/m/n/10.95
 )$.
 []

[34]
Underfull \hbox (badness 10000) in paragraph at lines 1586--1587

 []

[35] [36] [37] [38] [39] [40]
Overfull \hbox (15.5898pt too wide) in paragraph at lines 1825--1829
[][]\OT1/cmr/bx/n/10.95 Example 3.19. []$\OMS/cmsy/m/n/10.95 A \OT1/cmr/m/n/10.
95 = \U/msb/m/n/10.95 C\OT1/cmr/m/n/10.95 [\OML/cmm/m/it/10.95 x; y\OT1/cmr/m/n
/10.95 ]$\OT1/cmr/m/it/10.95 , there is a bi-jec-tion be-tween $\OMS/cmsy/m/n/1
0.95 f[]Ag$
 []


Overfull \hbox (1.88582pt too wide) in paragraph at lines 1849--1850
[][]\OT1/cmr/bx/n/10.95 Example 3.20. []$\OMS/cmsy/m/n/10.95 A$ \OT1/cmr/m/it/1
0.95 an in-te-gral do-main, $\OMS/cmsy/m/n/10.95 A[] ^^R A[]$ \OT1/cmr/m/it/10.
95 ($[] \OT1/cmr/m/n/10.95 = []$\OT1/cmr/m/it/10.95 ), $\OML/cmm/m/it/10.95 Fra
c\OT1/cmr/m/n/10.95 (\OMS/cmsy/m/n/10.95 A\OT1/cmr/m/n/10.95 ) =
 []

[41]
Underfull \hbox (badness 10000) in paragraph at lines 1894--1895

 []


Underfull \hbox (badness 10000) in paragraph at lines 1900--1901

 []


Underfull \hbox (badness 10000) in paragraph at lines 1907--1908

 []

[42]
Overfull \hbox (2.37923pt too wide) in paragraph at lines 1962--1962
[]\OT1/cmr/bx/n/12 Lecture 9: Lo-cal-iza-tion of Mod-ules and Noethe-rian Rings
 
 []

[43] [44] [45]
Missing character: There is no 。 in font cmr10!
 [46] [47] [48] [49]
Underfull \hbox (badness 10000) in paragraph at lines 2245--2246

 []

[50]
Underfull \hbox (badness 10000) in paragraph at lines 2260--2261

 []

[51] [52]
Overfull \hbox (11.10376pt too wide) in paragraph at lines 2365--2366
[]$\OT1/cmr/m/n/10.95 \ =[]\OMS/cmsy/m/n/10.95 )$\OT1/cmr/m/n/10.95 '' As-sume 
$\OML/cmm/m/it/10.95 S$ \OT1/cmr/m/n/10.95 max-i-mal al-ge-braic in-de-pen-dent
. Want: $\OML/cmm/m/it/10.95 E=F\OT1/cmr/m/n/10.95 (\OML/cmm/m/it/10.95 S\OT1/c
mr/m/n/10.95 )$
 []

[53] [54]
Overfull \hbox (0.27327pt too wide) in paragraph at lines 2443--2448
\OT1/cmr/m/n/10.95 Assuming the sub-claim,(since $(0)$ is ir-re-ducible) de-duc
e that ei-ther $\OML/cmm/m/it/10.95 Ann\OT1/cmr/m/n/10.95 (\OML/cmm/m/it/10.95 
y\OT1/cmr/m/n/10.95 ) =
 []

[55]
Overfull \hbox (89.16655pt too wide) in paragraph at lines 2449--2451
[]\OT1/cmr/bx/n/10.95 Calim2\OT1/cmr/m/n/10.95 : $\OMS/cmsy/m/n/10.95 A$ \OT1/c
mr/m/n/10.95 Noethe-rian, $\OML/cmm/m/it/10.95 S \OT1/cmr/m/n/10.95 := \OMS/cms
y/m/n/10.95 f[]\OML/cmm/m/it/10.95 ideals\OMS/cmsy/m/n/10.95 g$
 []


Underfull \hbox (badness 10000) in paragraph at lines 2458--2459

 []

[56]
Overfull \hbox (119.19717pt too wide) in paragraph at lines 2509--2510
\OT1/cmr/m/it/10.95 tion \OT1/cmr/bx/it/10.95 min-i-mal\OT1/cmr/m/it/10.95 . Le
t $\U/euf/m/n/10.95 a$ \OT1/cmr/m/it/10.95 ideal, we de-fine $\OML/cmm/m/it/10.
95 Ass\OT1/cmr/m/n/10.95 (\U/euf/m/n/10.95 a\OT1/cmr/m/n/10.95 ) := \OMS/cmsy/m
/n/10.95 f[]g$
 []


Underfull \hbox (badness 10000) in paragraph at lines 2517--2518

 []

[57]
Overfull \hbox (18.17094pt too wide) in paragraph at lines 2536--2538
\OT1/cmr/m/n/10.95 Recall the First unique-ness the-o-rem for Min-i-mal Pri-mar
y De-com-po-si-tion(MPD). 
 []


Overfull \hbox (12.34767pt too wide) in paragraph at lines 2539--2540
[]\OT1/cmr/m/n/10.95 Let $\U/euf/m/n/10.95 a \OT1/cmr/m/n/10.95 = \U/euf/m/n/10
.95 q[] \OMS/cmsy/m/n/10.95 \ \OML/cmm/m/it/10.95 ::: \OMS/cmsy/m/n/10.95 \ \U/
euf/m/n/10.95 q[]$ \OT1/cmr/m/n/10.95 be a min-i-mal pri-mary de-com-po-si-tion
. Then $\OMS/cmsy/m/n/10.95 f\U/euf/m/n/10.95 p[]\OML/cmm/m/it/10.95 ; :::; \U/
euf/m/n/10.95 p[]\OMS/cmsy/m/n/10.95 g \OT1/cmr/m/n/10.95 =
 []

[58] [59] [60] [61]
Overfull \hbox (79.47772pt too wide) in paragraph at lines 2733--2738
\OT1/cmr/m/n/10.95 By the gen-eral fact that $[] = [] \OMS/cmsy/m/n/10.95 ([]) 
9\OML/cmm/m/it/10.95 s \OMS/cmsy/m/n/10.95 2 \OML/cmm/m/it/10.95 S \OT1/cmr/m/n
/10.95 : \OML/cmm/m/it/10.95 xs \OT1/cmr/m/n/10.95 = 0 \OMS/cmsy/m/n/10.95 ([])
 \OML/cmm/m/it/10.95 x \OT1/cmr/m/n/10.95 = 0[]\OML/cmm/m/it/10.95 S[]s \OT1/cm
r/m/n/10.95 :
 []


Overfull \hbox (95.99164pt too wide) detected at line 2774
[] []
 []


Overfull \hbox (0.50136pt too wide) in paragraph at lines 2774--2777
\OT1/cmr/m/n/10.95 Thus \OMS/cmsy/m/n/10.95 f\OT1/cmr/m/n/10.95 zerodivisors in
 $\OML/cmm/m/it/10.95 S[]\OMS/cmsy/m/n/10.95 A$g\OT1/cmr/m/n/10.95 =$\OML/cmm/m
/it/10.95 Nil\OT1/cmr/m/n/10.95 (\OML/cmm/m/it/10.95 S[]\OMS/cmsy/m/n/10.95 A\O
T1/cmr/m/n/10.95 )$, so $(0)[]$ is pri-mary. >>>>>>>>>1 
 []

[62]
Overfull \hbox (45.53203pt too wide) in paragraph at lines 2790--2791
[][]\OT1/cmr/bx/n/10.95 Lemma 5.26. []\OT1/cmr/m/it/10.95 Let $\U/euf/m/n/10.95
 a$ \OT1/cmr/m/it/10.95 de-com-pos-able. Then $\OML/cmm/m/it/10.95 Ass[]\OT1/cm
r/m/n/10.95 (\U/euf/m/n/10.95 a\OT1/cmr/m/n/10.95 ) = \OMS/cmsy/m/n/10.95 f[]g$
 
 []

[63] [64]
Underfull \hbox (badness 10000) in paragraph at lines 2887--2888

 []

[65] [66]
Underfull \hbox (badness 10000) in paragraph at lines 3019--3021

 []

[67] [68]
Overfull \hbox (77.11174pt too wide) in paragraph at lines 3103--3104
[][]\OT1/cmr/bx/n/10.95 Example 6.18. []$\OMS/cmsy/m/n/10.95 A \OT1/cmr/m/n/10.
95 = \OML/cmm/m/it/10.95 k\OT1/cmr/m/n/10.95 [\OML/cmm/m/it/10.95 X[]; :::; X[]
\OT1/cmr/m/n/10.95 ]$\OT1/cmr/m/it/10.95 , $\OML/cmm/m/it/10.95 I \OT1/cmr/m/n/
10.95 = \U/msb/m/n/10.95 Z[]$\OT1/cmr/m/it/10.95 , and $\OMS/cmsy/m/n/10.95 A[]
 \OT1/cmr/m/n/10.95 := \OMS/cmsy/m/n/10.95 f[]g$\OT1/cmr/m/it/10.95 .
 []

[69]
Overfull \hbox (28.91045pt too wide) in paragraph at lines 3129--3133
\OT1/cmr/m/n/10.95 Suppose $\OML/cmm/m/it/10.95 M[]$ \OT1/cmr/m/n/10.95 gen-er-
ated by ho-mo-ge-neous el-e-ments $\OMS/cmsy/m/n/10.95 f\OML/cmm/m/it/10.95 x[]
\OMS/cmsy/m/n/10.95 g$\OT1/cmr/m/n/10.95 . Then >>>>>>>>>>>>>1 
 []

[70]
Overfull \hbox (76.32068pt too wide) in paragraph at lines 3164--3166
\OT1/cmr/m/n/10.95 rem. Last time we proved the fol-low-ing are equiv-a-lent $(
\OMS/cmsy/m/n/10.95 A ^^@ []\OT1/cmr/m/n/10.95 )\OML/cmm/m/it/10.95 ; \U/euf/m/
n/10.95 a[]\OML/cmm/m/it/10.95 ; \OT1/cmr/m/n/10.95 (\OML/cmm/m/it/10.95 M[]\OT
1/cmr/m/n/10.95 )[] :
 []


Underfull \hbox (badness 10000) in paragraph at lines 3164--3166

 []


Overfull \hbox (19.82857pt too wide) in paragraph at lines 3173--3174
$[] \OT1/cmr/m/n/10.95 : [] \OMS/cmsy/m/n/10.95 ([]) A[] \OT1/cmr/m/n/10.95 =[]
\OMS/cmsy/m/n/10.95 ) \U/euf/m/n/10.95 a \OT1/cmr/m/n/10.95 : []$.
 []

[71]
Overfull \hbox (43.86331pt too wide) in paragraph at lines 3182--3183
[]\OT1/cmr/m/n/10.95 But we can de-rive this form $(\OML/cmm/m/it/10.95 M[]\OT1
/cmr/m/n/10.95 )$ sta-ble $=[]\OMS/cmsy/m/n/10.95 ) [] \OT1/cmr/m/n/10.95 : [] 
=[]\OMS/cmsy/m/n/10.95 )
 []


Overfull \hbox (6.51814pt too wide) in paragraph at lines 3182--3183
\OT1/cmr/m/n/10.95 ([][])$ be-cause $[]$ is Noethe-rian and $[]$ is Noethe-
 []


Overfull \hbox (14.50424pt too wide) in paragraph at lines 3190--3191
[]\OT1/cmr/m/n/10.95 Recall: The \OT1/cmr/bx/n/10.95 nth sym-bolic power $\U/eu
f/m/n/10.95 p[]$ \OT1/cmr/m/n/10.95 of $\U/euf/m/n/10.95 p$ \OT1/cmr/m/n/10.95 
is de-fined by $\U/euf/m/n/10.95 p[] \OT1/cmr/m/n/10.95 := \OML/cmm/m/it/10.95 
^^S[]\OT1/cmr/m/n/10.95 ((\OML/cmm/m/it/10.95 ^^S[]\U/euf/m/n/10.95 p\OT1/cmr/m
/n/10.95 )[]) =
 []


LaTeX Warning: Command \i invalid in math mode on input line 3192.


Overfull \hbox (33.09488pt too wide) in paragraph at lines 3218--3219
[][]\OT1/cmr/bx/n/10.95 Definition 6.27. []$\OML/cmm/m/it/10.95 dim\OT1/cmr/m/n
/10.95 (\OMS/cmsy/m/n/10.95 A\OT1/cmr/m/n/10.95 ) = []\OMS/cmsy/m/n/10.95 f\OML
/cmm/m/it/10.95 t \OMS/cmsy/m/n/10.95 ^^U \OT1/cmr/m/n/10.95 0 : \OMS/cmsy/m/n/
10.95 9[]g$ 
 []


Underfull \hbox (badness 10000) in paragraph at lines 3218--3219

 []

[72]
Overfull \hbox (40.25017pt too wide) in paragraph at lines 3245--3247
[]\OT1/cmr/m/n/10.95 Then there is a bi-jec-tion be-tween the set of $\OMS/cmsy
/m/n/10.95 f[]g$ \OT1/cmr/m/n/10.95 and \OMS/cmsy/m/n/10.95 f[]g\OT1/cmr/m/n/10
.95 ,
 []

[73]
Overfull \hbox (4.77287pt too wide) in paragraph at lines 3311--3313
\OT1/cmr/m/n/10.95 thus $\OML/cmm/m/it/10.95 a [] \U/euf/m/n/10.95 p[]\OMS/cmsy
/m/n/10.95 8\OML/cmm/m/it/10.95 i$\OT1/cmr/m/n/10.95 . Let $\OML/cmm/m/it/10.95
 i$ \OT1/cmr/m/n/10.95 s.t. $\U/euf/m/n/10.95 p \OMS/cmsy/m/n/10.95 ^^S \U/euf/
m/n/10.95 p[]$ \OT1/cmr/m/n/10.95 (ex-ists be-cause $\OMS/cmsy/m/n/10.95 f\U/eu
f/m/n/10.95 p[]\OMS/cmsy/m/n/10.95 g ^^S f[]g$\OT1/cmr/m/n/10.95 ) 
 []


Overfull \hbox (42.51353pt too wide) in paragraph at lines 3328--3329
[]\OT1/cmr/m/n/10.95 Then $\OML/cmm/m/it/10.95 dim\OT1/cmr/m/n/10.95 (\OMS/cmsy
/m/n/10.95 A\OT1/cmr/m/n/10.95 ) \OMS/cmsy/m/n/10.95  []! \OML/cmm/m/it/10.95 d
im\OT1/cmr/m/n/10.95 (\OML/cmm/m/it/10.95 X\OT1/cmr/m/n/10.95 )$ $:= []\OMS/cms
y/m/n/10.95 f\OML/cmm/m/it/10.95 t \OMS/cmsy/m/n/10.95 ^^U \OT1/cmr/m/n/10.95 0
 : \OMS/cmsy/m/n/10.95 9[]\OML/cmm/m/it/10.95 X \OT1/cmr/m/n/10.95 =
 []

[74]
Overfull \hbox (61.80542pt too wide) in paragraph at lines 3332--3333
[]$\OML/cmm/m/it/10.95 ht\OT1/cmr/m/n/10.95 (\U/euf/m/n/10.95 p\OT1/cmr/m/n/10.
95 )$ $\OMS/cmsy/m/n/10.95  []!$ $\OML/cmm/m/it/10.95 codim[]\OT1/cmr/m/n/10.95
 (\OML/cmm/m/it/10.95 Y\OT1/cmr/m/n/10.95 ) := []\OMS/cmsy/m/n/10.95 f\OML/cmm/
m/it/10.95 t \OMS/cmsy/m/n/10.95 ^^U \OT1/cmr/m/n/10.95 0\OMS/cmsy/m/n/10.95 j9
[]\OML/cmm/m/it/10.95 X \OT1/cmr/m/n/10.95 =
 []

[75]
Overfull \hbox (11.49245pt too wide) in paragraph at lines 3401--3403
\U/euf/m/n/10.95 a$ \OT1/cmr/m/n/10.95 with $\OML/cmm/m/it/10.95 ht\OT1/cmr/m/n
/10.95 ((\OML/cmm/m/it/10.95 a[]; :::; a[]\OT1/cmr/m/n/10.95 )) = \OML/cmm/m/it
/10.95 s \OMS/cmsy/m/n/10.95 ^^@ \OT1/cmr/m/n/10.95 1$, then there ex-ists an $
\OML/cmm/m/it/10.95 a[] \OMS/cmsy/m/n/10.95 2 \U/euf/m/n/10.95 a$ \OT1/cmr/m/n/
10.95 s.t. $\OML/cmm/m/it/10.95 ht\OT1/cmr/m/n/10.95 ((\OML/cmm/m/it/10.95 a[];
 :::; a[]\OT1/cmr/m/n/10.95 )) =
 []

[76]
Overfull \hbox (1.13303pt too wide) in paragraph at lines 3437--3438
[]\OT1/cmr/m/it/10.95 (iii) Any prime $\U/euf/m/n/10.95 p$ \OT1/cmr/m/it/10.95 
of $\OML/cmm/m/it/10.95 ht\OT1/cmr/m/n/10.95 (\U/euf/m/n/10.95 p\OT1/cmr/m/n/10
.95 ) = \OML/cmm/m/it/10.95 r$ \OT1/cmr/m/it/10.95 is a min-i-mal prime of some
 ideal $\OT1/cmr/m/n/10.95 (\OML/cmm/m/it/10.95 a[]; :::; a[]\OT1/cmr/m/n/10.95
 )$ 
 []

[77]
Overfull \hbox (50.79329pt too wide) in paragraph at lines 3501--3506
\OMS/cmsy/m/n/10.95 f[][]\OML/cmm/m/it/10.95 ; :::; [][]\OMS/cmsy/m/n/10.95 g$ 
\OT1/cmr/m/n/10.95 sys-tem of pa-ram-e-ters for $([]\OML/cmm/m/it/10.95 ; []\OT
1/cmr/m/n/10.95 ) \OMS/cmsy/m/n/10.95 ([]) \OML/cmm/m/it/10.95 s \OT1/cmr/m/n/1
0.95 = \OML/cmm/m/it/10.95 dim\OT1/cmr/m/n/10.95 ([])$ and $([][]\OML/cmm/m/it/
10.95 ; :::; [][]\OT1/cmr/m/n/10.95 )[]\OMS/cmsy/m/n/10.95 ^^@$\OT1/cmr/m/n/10.
95 primary. 
 []


Overfull \hbox (26.88016pt too wide) in paragraph at lines 3507--3509
[]$\OMS/cmsy/m/n/10.95 9\OML/cmm/m/it/10.95 y[]; :::; y[]$ \OT1/cmr/m/n/10.95 s
.t. $(\OML/cmm/m/it/10.95 x[]; :::; x[]; y[]; :::; y[]\OT1/cmr/m/n/10.95 )\U/eu
f/m/n/10.95 m\OMS/cmsy/m/n/10.95 ^^@$\OT1/cmr/m/n/10.95 primary $=[]\OMS/cmsy/m
/n/10.95 ) \OML/cmm/m/it/10.95 dim\OT1/cmr/m/n/10.95 (\OMS/cmsy/m/n/10.95 A\OT1
/cmr/m/n/10.95 ) \OMS/cmsy/m/n/10.95 ^^T \OML/cmm/m/it/10.95 r \OT1/cmr/m/n/10.
95 + \OML/cmm/m/it/10.95 s$ \OT1/cmr/m/n/10.95 >>>>>>>>>>.1 
 []

[78] [79]
Package atveryend Info: Empty hook `BeforeClearDocument' on input line 3541.
Package atveryend Info: Empty hook `AfterLastShipout' on input line 3541.
 (./CA.aux)
Package atveryend Info: Empty hook `AtVeryEndDocument' on input line 3541.
Package atveryend Info: Empty hook `AtEndAfterFileList' on input line 3541.
Package atveryend Info: Empty hook `AtVeryVeryEnd' on input line 3541.
 ) 
Here is how much of TeX's memory you used:
 22283 strings out of 493706
 415338 string characters out of 6145769
 471291 words of memory out of 5000000
 25301 multiletter control sequences out of 15000+600000
 18360 words of font info for 72 fonts, out of 8000000 for 9000
 1328 hyphenation exceptions out of 8191
 61i,16n,84p,934b,1138s stack positions out of 5000i,500n,10000p,200000b,80000s

Output written on CA.pdf (79 pages).
