\BOOKMARK [1][-]{section.1}{Rings,\040Ideals,\040Radicals}{}% 1
\BOOKMARK [2][-]{subsection.1.1}{Lecture\0401.\040Motivation\040and\040Basics\040by\040Paul\040Steinmann}{section.1}% 2
\BOOKMARK [2][-]{subsection.1.2}{Lecture\0402.\040local\040rings,\040coprime\040ideals,\040ideal\040quotients\040by\040Paul\040Steinmann}{section.1}% 3
\BOOKMARK [1][-]{section.2}{Modules}{}% 4
\BOOKMARK [2][-]{subsection.2.1}{Lecture\0403.\040Modules,\040Exact\040sequences\040by\040Professor\040Kowalski}{section.2}% 5
\BOOKMARK [2][-]{subsection.2.2}{Lecture\0404.\040Snake\040Lemma,\040Tensor\040Product\040by\040Professor\040Kowalski}{section.2}% 6
\BOOKMARK [2][-]{subsection.2.3}{Lecture\0405.\040Properties\040of\040Tensor\040Product}{section.2}% 7
\BOOKMARK [2][-]{subsection.2.4}{Lecture\0406.\040Flatness}{section.2}% 8
\BOOKMARK [1][-]{section.3}{Localization}{}% 9
\BOOKMARK [2][-]{subsection.3.1}{Lecture\0407.\040Localization\040of\040rings}{section.3}% 10
\BOOKMARK [2][-]{subsection.3.2}{Lecture\0408.\040Properties\040of\040Localization\040of\040Rings}{section.3}% 11
\BOOKMARK [2][-]{subsection.3.3}{Lecture\0409.\040Localization\040of\040Modules\040and\040Local\040Properties}{section.3}% 12
\BOOKMARK [1][-]{section.4}{Noetherian\040Rings\040and\040Nullstellensatz}{}% 13
\BOOKMARK [2][-]{subsection.4.1}{Lecture\0409.\040Chain\040Conditions\040and\040Noetherian\040Rings}{section.4}% 14
\BOOKMARK [2][-]{subsection.4.2}{Lecture\04010.\040Hilbert\040Basis\040Theorem}{section.4}% 15
\BOOKMARK [2][-]{subsection.4.3}{Lecture\04011.\040Nullstellensatz}{section.4}% 16
\BOOKMARK [1][-]{section.5}{Primary\040Decomposition}{}% 17
\BOOKMARK [2][-]{subsection.5.1}{Lecture\04012.\040Associated\040Ideals\040and\040First\040Uniqueness\040Theorem}{section.5}% 18
\BOOKMARK [2][-]{subsection.5.2}{Lecture\04013.\040Second\040Uniqueness\040Theorem}{section.5}% 19
\BOOKMARK [1][-]{section.6}{Dimension\040Theory}{}% 20
\BOOKMARK [2][-]{subsection.6.1}{Lecture\04014.\040Artinian\040Rings}{section.6}% 21
\BOOKMARK [2][-]{subsection.6.2}{Lecture\04015.\040Krull\040Dimension,\040Artinian\040v.s.\040Noetherian}{section.6}% 22
\BOOKMARK [2][-]{subsection.6.3}{Lecture\04016.\040Krull's\040Intersection\040Theorem}{section.6}% 23
\BOOKMARK [2][-]{subsection.6.4}{Lecture\04017.\040Krull's\040Principal\040Ideal\040Theorem}{section.6}% 24
\BOOKMARK [2][-]{subsection.6.5}{Lecture\04018.\040Krull\040Dimension\040Theorem}{section.6}% 25
\BOOKMARK [2][-]{subsection.6.6}{Lecture\04019.\040Converse\040of\040Krull\040dimension\040theorem,\040System\040of\040Parameters}{section.6}% 26
\BOOKMARK [2][-]{subsection.6.7}{Lecture\04020}{section.6}% 27
\BOOKMARK [1][-]{section.7}{Integral\040extension\040of\040rings}{}% 28
\BOOKMARK [2][-]{subsection.7.1}{Lecture\04020}{section.7}% 29
\BOOKMARK [2][-]{subsection.7.2}{Lecture\04021}{section.7}% 30
\BOOKMARK [2][-]{subsection.7.3}{Lecture\04022}{section.7}% 31
\BOOKMARK [2][-]{subsection.7.4}{Lecture\04023}{section.7}% 32
\BOOKMARK [2][-]{subsection.7.5}{Lecture\04024}{section.7}% 33
\BOOKMARK [2][-]{subsection.7.6}{Lecture\04025}{section.7}% 34
\BOOKMARK [1][-]{section.8}{Valuation\040rings\040and\040Normality}{}% 35
\BOOKMARK [2][-]{subsection.8.1}{Lecture\04026}{section.8}% 36
\BOOKMARK [2][-]{subsection.8.2}{Lecture\04027}{section.8}% 37
\BOOKMARK [2][-]{subsection.8.3}{Lecture\04028}{section.8}% 38
